This is XeTeX, Version 3.141592653-2.6-0.999998 (TeX Live 2026) (preloaded format=xelatex 2026.3.26)  26 MAR 2026 13:41
entering extended mode
 restricted \write18 enabled.
 %&-line parsing enabled.
**Group_14_Analysis.tex
(./Group_14_Analysis.tex
LaTeX2e <2025-11-01>
L3 programming layer <2026-01-19>

! LaTeX Error: File `scrartcl.cls' not found.

Type X to quit or <RETURN> to proceed,
or enter new name. (Default extension: cls)

Enter file name: 
! Emergency stop.
<read *> 
         
l.10 ^^M
        
*** (cannot \read from terminal in nonstop modes)

 
Here is how much of TeX's memory you used:
 30 strings out of 470191
 608 string characters out of 5476598
 426411 words of memory out of 5000000
 28718 multiletter control sequences out of 15000+600000
 627721 words of font info for 40 fonts, out of 8000000 for 9000
 14 hyphenation exceptions out of 8191
 19i,0n,29p,116b,17s stack positions out of 10000i,1000n,20000p,200000b,200000s
No pages of output.
